<?xml version="1.0" encoding="UTF-8"?>
<!-- Generated by org.testng.reporters.JUnitReportReporter -->
<testsuite hostname="IST-APP-WL-0311" failures="0" tests="1" name="orangehrm.LoginTest" time="5.327" errors="0" timestamp="2023-02-15T17:29:52 EST" skipped="0">
  <testcase classname="orangehrm.LoginTest" name="doLogin" time="5.327"/>
</testsuite> <!-- orangehrm.LoginTest -->
