<?xml version="1.0" encoding="UTF-8"?>
<!-- Generated by org.testng.reporters.JUnitReportReporter -->
<testsuite hostname="IST-APP-WL-0311" failures="0" tests="1" name="orangehrm.LoginTest" time="1.645" errors="0" timestamp="2023-04-06T11:31:40 EDT" skipped="0">
  <testcase classname="orangehrm.LoginTest" name="doLogin" time="1.645"/>
</testsuite> <!-- orangehrm.LoginTest -->
